<?xml version="1.0" encoding="UTF-8"?>
<!-- Generated by org.testng.reporters.JUnitReportReporter -->
<testsuite hostname="DESKTOP-0L3OQIE" failures="0" tests="9" name="com.Automationframeworktest.DashboardTest" time="34.359" errors="0" timestamp="17 Mar 2025 06:06:39 GMT" skipped="0">
  <testcase classname="com.Automationframeworktest.DashboardTest" name="testClickSocialScience9A" time="0.114"/>
  <testcase classname="com.Automationframeworktest.DashboardTest" name="testClickSocialScience9B" time="0.135"/>
  <testcase classname="com.Automationframeworktest.DashboardTest" name="testClickSocialScience9C" time="0.170"/>
  <testcase classname="com.Automationframeworktest.DashboardTest" name="testClickSocialScience9D" time="0.134"/>
  <testcase classname="com.Automationframeworktest.DashboardTest" name="ToDOList_clickAddbutton" time="0.111"/>
  <testcase classname="com.Automationframeworktest.DashboardTest" name="AddDescription_ForToDo" time="0.459"/>
  <testcase classname="com.Automationframeworktest.DashboardTest" name="testScrollUp" time="11.079"/>
  <testcase classname="com.Automationframeworktest.DashboardTest" name="scrollToElement" time="11.081"/>
  <testcase classname="com.Automationframeworktest.DashboardTest" name="Practice" time="11.076"/>
</testsuite> <!-- com.Automationframeworktest.DashboardTest -->
