<?xml version="1.0" encoding="UTF-8"?>
<!-- Generated by org.testng.reporters.JUnitReportReporter -->
<testsuite hostname="DESKTOP-0L3OQIE" failures="0" tests="6" name="com.automationframework.DashboardTest" time="10.175" errors="0" timestamp="07 Feb 2025 10:29:32 GMT" skipped="0">
  <testcase classname="com.automationframework.DashboardTest" name="testClickSocialScience9A" time="6.129"/>
  <testcase classname="com.automationframework.DashboardTest" name="testClickSocialScience9B" time="1.177"/>
  <testcase classname="com.automationframework.DashboardTest" name="testClickSocialScience9C" time="1.155"/>
  <testcase classname="com.automationframework.DashboardTest" name="testClickSocialScience9D" time="1.141"/>
  <testcase classname="com.automationframework.DashboardTest" name="ToDOList_clickAddbutton" time="0.147"/>
  <testcase classname="com.automationframework.DashboardTest" name="AddDescription_ForToDo" time="0.426"/>
</testsuite> <!-- com.automationframework.DashboardTest -->
