<?xml version="1.0" encoding="UTF-8"?>
<!-- Generated by org.testng.reporters.JUnitReportReporter -->
<testsuite hostname="DESKTOP-0L3OQIE" failures="0" tests="1" name="com.Automationframeworktest.LoginTest" time="3.660" errors="0" timestamp="17 Mar 2025 06:06:39 GMT" skipped="0">
  <testcase classname="com.Automationframeworktest.LoginTest" name="testValidLogin" time="3.660"/>
</testsuite> <!-- com.Automationframeworktest.LoginTest -->
