<?xml version="1.0" encoding="UTF-8"?>
<!-- Generated by org.testng.reporters.JUnitReportReporter -->
<testsuite hostname="DESKTOP-0L3OQIE" failures="0" tests="9" name="com.Automationframeworktest.ClassessPageTest" time="38.431" errors="0" timestamp="17 Mar 2025 06:06:39 GMT" skipped="0">
  <testcase classname="com.Automationframeworktest.ClassessPageTest" name="testClickOnClassesPageLink" time="3.537"/>
  <testcase classname="com.Automationframeworktest.ClassessPageTest" name="testClickOnLesson" time="6.832"/>
  <testcase classname="com.Automationframeworktest.ClassessPageTest" name="testMicOn" time="1.139"/>
  <testcase classname="com.Automationframeworktest.ClassessPageTest" name="testMicOff" time="1.101"/>
  <testcase classname="com.Automationframeworktest.ClassessPageTest" name="scrollToElement" time="3.097"/>
  <testcase classname="com.Automationframeworktest.ClassessPageTest" name="scrolldown" time="20.194"/>
  <testcase classname="com.Automationframeworktest.ClassessPageTest" name="testViewQuizButton" time="1.149"/>
  <testcase classname="com.Automationframeworktest.ClassessPageTest" name="testViewQuizClose" time="1.187"/>
  <testcase classname="com.Automationframeworktest.ClassessPageTest" name="testClickNextButton" time="0.195"/>
</testsuite> <!-- com.Automationframeworktest.ClassessPageTest -->
