<?xml version="1.0" encoding="UTF-8"?>
<!-- Generated by org.testng.reporters.JUnitReportReporter -->
<testsuite hostname="DESKTOP-0L3OQIE" failures="0" tests="2" name="com.automationframework.LoginTest" time="16.364" errors="0" timestamp="07 Feb 2025 08:55:24 GMT" skipped="0">
  <testcase classname="com.automationframework.LoginTest" name="testEmptyCredentials" time="6.955"/>
  <testcase classname="com.automationframework.LoginTest" name="testValidLogin" time="9.409"/>
</testsuite> <!-- com.automationframework.LoginTest -->
