<?xml version="1.0" encoding="UTF-8"?>
<!-- Generated by org.testng.reporters.JUnitReportReporter -->
<testsuite hostname="DESKTOP-0L3OQIE" failures="0" tests="18" name="com.Automationframeworktest.AssignmentsTest" time="84.725" errors="0" timestamp="17 Mar 2025 06:06:39 GMT" skipped="0">
  <testcase classname="com.Automationframeworktest.AssignmentsTest" name="testOpenAssignmentsPage" time="5.099"/>
  <testcase classname="com.Automationframeworktest.AssignmentsTest" name="SocialScience9A" time="2.783"/>
  <testcase classname="com.Automationframeworktest.AssignmentsTest" name="clickHomeworkDropdown" time="17.508"/>
  <testcase classname="com.Automationframeworktest.AssignmentsTest" name="viewStudentHomework" time="1.144"/>
  <testcase classname="com.Automationframeworktest.AssignmentsTest" name="closeView" time="1.217"/>
  <testcase classname="com.Automationframeworktest.AssignmentsTest" name="AssignHomeworkButton" time="14.139"/>
  <testcase classname="com.Automationframeworktest.AssignmentsTest" name="ClickOnTopic" time="10.313"/>
  <testcase classname="com.Automationframeworktest.AssignmentsTest" name="EnterTopics" time="1.221"/>
  <testcase classname="com.Automationframeworktest.AssignmentsTest" name="NoHomeworkFor90" time="1.242"/>
  <testcase classname="com.Automationframeworktest.AssignmentsTest" name="selectQuestionType" time="1.231"/>
  <testcase classname="com.Automationframeworktest.AssignmentsTest" name="AddQuestionTypeMultipleChoice" time="1.256"/>
  <testcase classname="com.Automationframeworktest.AssignmentsTest" name="Stratified" time="10.214"/>
  <testcase classname="com.Automationframeworktest.AssignmentsTest" name="Adaptive" time="10.233"/>
  <testcase classname="com.Automationframeworktest.AssignmentsTest" name="clickonSubjective" time="1.253"/>
  <testcase classname="com.Automationframeworktest.AssignmentsTest" name="enterMarks" time="1.134"/>
  <testcase classname="com.Automationframeworktest.AssignmentsTest" name="idealAnswer" time="1.214"/>
  <testcase classname="com.Automationframeworktest.AssignmentsTest" name="AttachRubrics" time="1.241"/>
  <testcase classname="com.Automationframeworktest.AssignmentsTest" name="ClickRubricslink" time="2.283"/>
</testsuite> <!-- com.Automationframeworktest.AssignmentsTest -->
